
> weekly-report@0.1.0 dev
> next dev

▲ Next.js 16.2.9 (Turbopack)
- Local:         http://localhost:3000
- Network:       http://192.168.68.55:3000
- Environments: .env.local
✓ Ready in 272ms

 GET / 200 in 210ms (next.js: 132ms, application-code: 78ms)
 HEAD / 200 in 173ms (next.js: 69ms, application-code: 104ms)
 GET / 200 in 158ms (next.js: 41ms, application-code: 118ms)
✓ Compiled in 185ms
 GET / 200 in 195ms (next.js: 29ms, application-code: 166ms)
✓ Compiled in 263ms
 GET / 200 in 93ms (next.js: 37ms, application-code: 56ms)
✓ Compiled in 385ms
 GET / 200 in 317ms (next.js: 130ms, application-code: 187ms)
 GET / 200 in 123ms (next.js: 54ms, application-code: 70ms)
✓ Compiled in 154ms
✓ Compiled in 41ms
✓ Compiled in 41ms
✓ Compiled in 40ms
✓ Compiled in 32ms
✓ Compiled in 33ms
✓ Compiled in 29ms
✓ Compiled in 36ms
✓ Compiled in 448ms
 GET / 200 in 232ms (next.js: 78ms, application-code: 155ms)
 GET / 200 in 109ms (next.js: 6ms, application-code: 103ms)
 GET / 200 in 110ms (next.js: 27ms, application-code: 84ms)
 GET / 200 in 89ms (next.js: 22ms, application-code: 67ms)
 GET / 200 in 71ms (next.js: 14ms, application-code: 57ms)
 GET / 200 in 63ms (next.js: 16ms, application-code: 47ms)
 GET / 200 in 82ms (next.js: 5ms, application-code: 77ms)
 GET / 200 in 64ms (next.js: 4ms, application-code: 60ms)
 GET / 200 in 63ms (next.js: 30ms, application-code: 33ms)
 GET / 200 in 65ms (next.js: 19ms, application-code: 46ms)
 GET / 200 in 25ms (next.js: 3ms, application-code: 22ms)
✓ Compiled in 52ms
✓ Compiled in 37ms
 GET /api/transactions 404 in 271ms (next.js: 117ms, application-code: 154ms)
 GET /api/transactions 404 in 286ms (next.js: 240ms, application-code: 45ms)
 GET /api/transactions 404 in 74ms (next.js: 11ms, application-code: 63ms)
 GET /api/transactions 404 in 61ms (next.js: 10ms, application-code: 52ms)
 GET /api/transactions 404 in 59ms (next.js: 34ms, application-code: 25ms)
 GET /api/transactions 404 in 59ms (next.js: 22ms, application-code: 37ms)
 GET /api/transactions 404 in 63ms (next.js: 8ms, application-code: 55ms)
 GET /api/transactions 404 in 79ms (next.js: 12ms, application-code: 67ms)
 GET /api/transactions 404 in 80ms (next.js: 40ms, application-code: 40ms)
 OPTIONS /api/transactions/bulk 404 in 55ms (next.js: 15ms, application-code: 40ms)
[?25h
